Build started 16-08-2011 22:38:16.
     1>Project "G:\stuff\pingpong\pingpong\pingpong.vcxproj" on node 2 (build target(s)).
     1>InitializeBuildStatus:
         Creating "Debug\pingpong.unsuccessfulbuild" because "AlwaysCreate" was specified.
       ClCompile:
         c:\Program Files (x86)\Microsoft Visual Studio 10.0\VC\bin\CL.exe /c /ZI /nologo /W3 /WX- /Od /Oy- /D WIN32 /D _DEBUG /D _WINDOWS /D NOMINMAX /D _UNICODE /D UNICODE /Gm /EHsc /RTC1 /MDd /GS /fp:precise /Zc:wchar_t /Zc:forScope /Fo"Debug\\" /Fd"Debug\vc100.pdb" /Gd /TP /analyze- /errorReport:prompt main.cpp
         main.cpp
     1>g:\stuff\pingpong\pingpong\tools.h(115): warning C4995: 'strcpy': name was marked as #pragma deprecated
     1>g:\stuff\pingpong\pingpong\tools.h(115): warning C4996: 'strcpy': This function or variable may be unsafe. Consider using strcpy_s instead. To disable deprecation, use _CRT_SECURE_NO_WARNINGS. See online help for details.
                 c:\program files (x86)\microsoft visual studio 10.0\vc\include\string.h(105) : see declaration of 'strcpy'
     1>g:\stuff\pingpong\pingpong\tools.h(116): warning C4995: 'strcat': name was marked as #pragma deprecated
     1>g:\stuff\pingpong\pingpong\tools.h(116): warning C4996: 'strcat': This function or variable may be unsafe. Consider using strcat_s instead. To disable deprecation, use _CRT_SECURE_NO_WARNINGS. See online help for details.
                 c:\program files (x86)\microsoft visual studio 10.0\vc\include\string.h(110) : see declaration of 'strcat'
       ManifestResourceCompile:
         All outputs are up-to-date.
       Link:
         c:\Program Files (x86)\Microsoft Visual Studio 10.0\VC\bin\link.exe /ERRORREPORT:PROMPT /OUT:"G:\stuff\pingpong\Debug\pingpong.exe" /INCREMENTAL /NOLOGO kernel32.lib user32.lib gdi32.lib winspool.lib comdlg32.lib advapi32.lib shell32.lib ole32.lib oleaut32.lib uuid.lib odbc32.lib odbccp32.lib /MANIFEST /ManifestFile:"Debug\pingpong.exe.intermediate.manifest" /MANIFESTUAC:"level='asInvoker' uiAccess='false'" /DEBUG /PDB:"G:\stuff\pingpong\Debug\pingpong.pdb" /SUBSYSTEM:WINDOWS /TLBID:1 /DYNAMICBASE /NXCOMPAT /IMPLIB:"G:\stuff\pingpong\Debug\pingpong.lib" /MACHINE:X86 Debug\pingpong.exe.embed.manifest.res
         Debug\camera.obj
         Debug\ExtensionManager.obj
         Debug\game.obj
         Debug\glShader.obj
         Debug\keyboardinterface.obj
         Debug\main.obj
         Debug\mouseinterface.obj
         Debug\player.obj
         Debug\shadermanager.obj
         Debug\terrrain.obj
       Manifest:
         C:\Program Files (x86)\Microsoft SDKs\Windows\v7.0A\bin\mt.exe /nologo /verbose /out:"Debug\pingpong.exe.embed.manifest" /manifest Debug\pingpong.exe.intermediate.manifest
         All outputs are up-to-date.
       LinkEmbedManifest:
         All outputs are up-to-date.
         pingpong.vcxproj -> G:\stuff\pingpong\Debug\pingpong.exe
       FinalizeBuildStatus:
         Deleting file "Debug\pingpong.unsuccessfulbuild".
         Touching "Debug\pingpong.lastbuildstate".
     1>Done Building Project "G:\stuff\pingpong\pingpong\pingpong.vcxproj" (build target(s)).

Build succeeded.

Time Elapsed 00:00:55.14
